[19:24:41] 🔄 ATUALIZANDO DADOS DA WATCHLIST...
[19:24:41] ══════════════════════════════════════════════════
[19:24:41] 📡 Buscando dados para 16 moedas...
[19:24:41] 🔄 Conectando à CoinGecko API...
[19:24:41] 📡 [1/16] Buscando ACT...
[19:24:42]    🔍 ID encontrado: fractal-bitcoin
[19:24:42]    🔍 Tentativa 1/50 para ACT...
[19:24:43]    ⚠️ Rate limit, tentativa 1...
[19:24:43]    ⚠️ Rate limit, tentativa 1...
[19:24:43]    🔍 Tentativa 2/50 para ACT...
[19:24:48]    ⚠️ Rate limit, tentativa 2...
[19:24:50]    ⚠️ Rate limit, tentativa 26...
[19:24:50]    🔍 Tentativa 27/50 para REZ...
[19:24:52]    ⚠️ Rate limit, tentativa 2...
[19:24:52]    🔍 Tentativa 3/50 para ACT...
[19:24:58]    ✅ Tentativa 3 funcionou!
[19:24:58]    📊 Dados: MC=$45,167,940, Vol=$2,950,634
[19:24:58] ✅ ACT - Dados atualizados em tempo real (tentativa 3)
[19:24:58] 📡 [2/16] Buscando DOGS...
[19:25:00]    ❌ HTTP 404, tentativa 27
[19:25:03]    🔍 ID encontrado: cat-in-a-dogs-world
[19:25:03]    🔍 Tentativa 1/50 para DOGS...
[19:25:04]    ✅ Tentativa 1 funcionou!
[19:25:04]    📊 Dados: MC=$54,706,768, Vol=$7,779,570
[19:25:04] ✅ DOGS - Dados atualizados em tempo real (tentativa 1)
[19:25:04] 📡 [3/16] Buscando NEIRO...
[19:25:09]    🔍 ID encontrado: neiro-3
[19:25:09]    🔍 Tentativa 1/50 para NEIRO...
[19:25:10]    ✅ Tentativa 1 funcionou!
[19:25:10]    📊 Dados: MC=$39,008,072, Vol=$14,987,640
[19:25:10] ✅ NEIRO - Dados atualizados em tempo real (tentativa 1)
[19:25:10] 📡 [4/16] Buscando VINE...
[19:25:11]    ✅ Tentativa 27 funcionou!
[19:25:11]    🔍 Tentativa 28/50 para REZ...
[19:25:15]    🔍 ID encontrado: vine
[19:25:15]    🔍 Tentativa 1/50 para VINE...
[19:25:16]    ✅ Tentativa 1 funcionou!
[19:25:16]    📊 Dados: MC=$17,658,082, Vol=$5,895,985
[19:25:16] ✅ VINE - Dados atualizados em tempo real (tentativa 1)
[19:25:16] 📡 [5/16] Buscando REZ...
[19:25:21]    ⚠️ Rate limit, tentativa 28...
[19:25:22]    🔍 ID encontrado: renzo
[19:25:22]    🔍 Tentativa 1/50 para REZ...
[19:25:22]    ⚠️ Rate limit, tentativa 1...
[19:25:23]    ⚠️ Rate limit, tentativa 1...
[19:25:23]    🔍 Tentativa 2/50 para REZ...
[19:25:27]    ⚠️ Rate limit, tentativa 2...
[19:25:31]    ⚠️ Rate limit, tentativa 2...
[19:25:31]    🔍 Tentativa 3/50 para REZ...
[19:25:32]    ⚠️ Rate limit, tentativa 28...
[19:25:32]    🔍 Tentativa 29/50 para REZ...
[19:25:37]    ⚠️ Rate limit, tentativa 3...
[19:25:42]    ⚠️ Rate limit, tentativa 29...
[19:25:42]    ⚠️ Rate limit, tentativa 3...
[19:25:42]    🔍 Tentativa 4/50 para REZ...
[19:25:49]    ⚠️ Rate limit, tentativa 4...
[19:25:53]    ⚠️ Rate limit, tentativa 29...
[19:25:53]    🔍 Tentativa 30/50 para REZ...
[19:25:55]    ⚠️ Rate limit, tentativa 4...
[19:25:55]    🔍 Tentativa 5/50 para REZ...
[19:26:03]    ⚠️ Rate limit, tentativa 5...
[19:26:03]    ⚠️ Rate limit, tentativa 30...
[19:26:10]    ⚠️ Rate limit, tentativa 5...
[19:26:10]    🔍 Tentativa 6/50 para REZ...
[19:26:14]    ⚠️ Rate limit, tentativa 30...
[19:26:14]    🔍 Tentativa 31/50 para REZ...
[19:26:19]    ⚠️ Rate limit, tentativa 6...
[19:26:24]    ❌ HTTP 404, tentativa 31
[19:26:27]    ✅ Tentativa 6 funcionou!
[19:26:27]    📊 Dados: MC=$54,209,113, Vol=$13,959,334
[19:26:27] ✅ REZ - Dados atualizados em tempo real (tentativa 6)
[19:26:27] 📡 [6/16] Buscando SD...
[19:26:33]    🔍 ID encontrado: tether
[19:26:33]    🔍 Tentativa 1/50 para SD...
[19:26:33]    ✅ Tentativa 1 funcionou!
[19:26:33]    📊 Dados: MC=$189,727,462,220, Vol=$70,811,848,248
[19:26:33] ✅ SD - Dados atualizados em tempo real (tentativa 1)
[19:26:33] 📡 [7/16] Buscando OSMO...
[19:26:35]    ✅ Tentativa 31 funcionou!
[19:26:35]    🔍 Tentativa 32/50 para REZ...
[19:26:38]    🔍 ID encontrado: cosmos
[19:26:38]    🔍 Tentativa 1/50 para OSMO...
[19:26:39]    ⚠️ Rate limit, tentativa 1...
[19:26:39]    ⚠️ Rate limit, tentativa 1...
[19:26:39]    🔍 Tentativa 2/50 para OSMO...
[19:26:44]    ⚠️ Rate limit, tentativa 2...
[19:26:45]    ⚠️ Rate limit, tentativa 32...
[19:26:48]    ⚠️ Rate limit, tentativa 2...
[19:26:48]    🔍 Tentativa 3/50 para OSMO...
[19:26:54]    ⚠️ Rate limit, tentativa 3...
[19:26:56]    ⚠️ Rate limit, tentativa 32...
[19:26:56]    🔍 Tentativa 33/50 para REZ...
[19:26:59]    ⚠️ Rate limit, tentativa 3...
[19:26:59]    🔍 Tentativa 4/50 para OSMO...
[19:27:05]    ⚠️ Rate limit, tentativa 4...
[19:27:06]    ⚠️ Rate limit, tentativa 33...
[19:27:14]    ⚠️ Rate limit, tentativa 4...
[19:27:14]    🔍 Tentativa 5/50 para OSMO...
[19:27:16]    ⚠️ Rate limit, tentativa 33...
[19:27:16]    🔍 Tentativa 34/50 para REZ...
[19:27:21]    ⚠️ Rate limit, tentativa 5...
[19:27:27]    ⚠️ Rate limit, tentativa 34...
[19:27:29]    ⚠️ Rate limit, tentativa 5...
[19:27:29]    🔍 Tentativa 6/50 para OSMO...
[19:27:37]    ⚠️ Rate limit, tentativa 34...
[19:27:37]    🔍 Tentativa 35/50 para REZ...
[19:27:37]    ⚠️ Rate limit, tentativa 6...
[19:27:46]    ✅ Tentativa 6 funcionou!
[19:27:46]    📊 Dados: MC=$1,040,319,193, Vol=$93,783,520
[19:27:46] ✅ OSMO - Dados atualizados em tempo real (tentativa 6)
[19:27:46] 📡 [8/16] Buscando USDON...
[19:27:48]    ❌ HTTP 404, tentativa 35
[19:27:52]    🔍 ID encontrado: ondo-u-s-dollar-token
[19:27:52]    🔍 Tentativa 1/50 para USDON...
[19:27:53]    ✅ Tentativa 1 funcionou!
[19:27:53]    📊 Dados: MC=$68,981,381, Vol=$82,508,546
[19:27:53] ✅ USDON - Dados atualizados em tempo real (tentativa 1)
[19:27:53] 📡 [9/16] Buscando NOT...
[19:27:58]    🔍 ID encontrado: notcoin
[19:27:58]    🔍 Tentativa 1/50 para NOT...
[19:27:59]    ✅ Tentativa 35 funcionou!
[19:27:59]    🔍 Tentativa 36/50 para REZ...
[19:27:59]    ⚠️ Rate limit, tentativa 1...
[19:28:00]    ⚠️ Rate limit, tentativa 1...
[19:28:00]    🔍 Tentativa 2/50 para NOT...
[19:28:04]    ⚠️ Rate limit, tentativa 2...
[19:28:08]    ⚠️ Rate limit, tentativa 2...
[19:28:08]    🔍 Tentativa 3/50 para NOT...
[19:28:09]    ⚠️ Rate limit, tentativa 36...
[19:28:14]    ⚠️ Rate limit, tentativa 3...
[19:28:19]    ⚠️ Rate limit, tentativa 3...
[19:28:19]    🔍 Tentativa 4/50 para NOT...
[19:28:20]    ⚠️ Rate limit, tentativa 36...
[19:28:20]    🔍 Tentativa 37/50 para REZ...
[19:28:26]    ⚠️ Rate limit, tentativa 4...
[19:28:30]    ⚠️ Rate limit, tentativa 37...
[19:28:32]    ⚠️ Rate limit, tentativa 4...
[19:28:32]    🔍 Tentativa 5/50 para NOT...
[19:28:40]    ⚠️ Rate limit, tentativa 5...
[19:28:40]    ⚠️ Rate limit, tentativa 37...
[19:28:40]    🔍 Tentativa 38/50 para REZ...
[19:28:47]    ⚠️ Rate limit, tentativa 5...
[19:28:47]    🔍 Tentativa 6/50 para NOT...
[19:28:51]    ⚠️ Rate limit, tentativa 38...
[19:28:55]    ⚠️ Rate limit, tentativa 6...
[19:29:01]    ✅ Tentativa 38 funcionou!
[19:29:01]    🔍 Tentativa 39/50 para REZ...
[19:29:04]    ✅ Tentativa 6 funcionou!
[19:29:04]    📊 Dados: MC=$53,436,700, Vol=$21,725,340
[19:29:04] ✅ NOT - Dados atualizados em tempo real (tentativa 6)
[19:29:04] 📡 [10/16] Buscando GIGA...
[19:29:09]    🔍 ID encontrado: gigachad-2
[19:29:09]    🔍 Tentativa 1/50 para GIGA...
[19:29:10]    ✅ Tentativa 1 funcionou!
[19:29:10]    📊 Dados: MC=$42,090,699, Vol=$11,433,147
[19:29:10] ✅ GIGA - Dados atualizados em tempo real (tentativa 1)
[19:29:10] 📡 [11/16] Buscando ACT...
[19:29:12]    ❌ HTTP 404, tentativa 39
[19:29:16]    🔍 ID encontrado: fractal-bitcoin
[19:29:16]    🔍 Tentativa 1/50 para ACT...
[19:29:17]    ✅ Tentativa 1 funcionou!
[19:29:17]    📊 Dados: MC=$45,185,299, Vol=$2,947,501
[19:29:17] ✅ ACT - Dados atualizados em tempo real (tentativa 1)
[19:29:17] 📡 [12/16] Buscando DOGS...
[19:29:22]    🔍 ID encontrado: cat-in-a-dogs-world
[19:29:22]    🔍 Tentativa 1/50 para DOGS...
[19:29:22]    ✅ Tentativa 39 funcionou!
[19:29:22]    🔍 Tentativa 40/50 para REZ...
[19:29:23]    ⚠️ Rate limit, tentativa 1...
[19:29:23]    ⚠️ Rate limit, tentativa 1...
[19:29:23]    🔍 Tentativa 2/50 para DOGS...
[19:29:27]    ⚠️ Rate limit, tentativa 2...
[19:29:32]    ⚠️ Rate limit, tentativa 2...
[19:29:32]    🔍 Tentativa 3/50 para DOGS...
[19:29:33]    ⚠️ Rate limit, tentativa 40...
[19:29:38]    ⚠️ Rate limit, tentativa 3...
[19:29:43]    ⚠️ Rate limit, tentativa 3...
[19:29:43]    🔍 Tentativa 4/50 para DOGS...
[19:29:43]    ⚠️ Rate limit, tentativa 40...
[19:29:43]    🔍 Tentativa 41/50 para REZ...
[19:29:49]    ⚠️ Rate limit, tentativa 4...
[19:29:54]    ⚠️ Rate limit, tentativa 41...
[19:29:56]    ⚠️ Rate limit, tentativa 4...
[19:29:56]    🔍 Tentativa 5/50 para DOGS...
[19:30:03]    ⚠️ Rate limit, tentativa 5...
[19:30:04]    ⚠️ Rate limit, tentativa 41...
[19:30:04]    🔍 Tentativa 42/50 para REZ...
[19:30:11]    ⚠️ Rate limit, tentativa 5...
[19:30:11]    🔍 Tentativa 6/50 para DOGS...
[19:30:15]    ⚠️ Rate limit, tentativa 42...
[19:30:19]    ⚠️ Rate limit, tentativa 6...
[19:30:25]    ✅ Tentativa 42 funcionou!
[19:30:25]    🔍 Tentativa 43/50 para REZ...
[19:30:28]    ✅ Tentativa 6 funcionou!
[19:30:28]    📊 Dados: MC=$54,694,159, Vol=$7,745,153
[19:30:28] ✅ DOGS - Dados atualizados em tempo real (tentativa 6)
[19:30:28] 📡 [13/16] Buscando MUBARAK...
[19:30:33]    🔍 ID encontrado: mubarak
[19:30:33]    🔍 Tentativa 1/50 para MUBARAK...
[19:30:34]    ✅ Tentativa 1 funcionou!
[19:30:34]    📊 Dados: MC=$15,290,212, Vol=$8,167,534
[19:30:34] ✅ MUBARAK - Dados atualizados em tempo real (tentativa 1)
[19:30:34] 📡 [14/16] Buscando VINE...
[19:30:36]    ❌ HTTP 404, tentativa 43
[19:30:40]    🔍 ID encontrado: vine
[19:30:40]    🔍 Tentativa 1/50 para VINE...
[19:30:40]    ⚠️ Rate limit, tentativa 1...
[19:30:40]    ⚠️ Rate limit, tentativa 1...
[19:30:40]    🔍 Tentativa 2/50 para VINE...
[19:30:45]    ⚠️ Rate limit, tentativa 2...
[19:30:46]    ⚠️ Rate limit, tentativa 43...
[19:30:46]    🔍 Tentativa 44/50 para REZ...
[19:30:49]    ⚠️ Rate limit, tentativa 2...
[19:30:49]    🔍 Tentativa 3/50 para VINE...
[19:30:55]    ⚠️ Rate limit, tentativa 3...
[19:30:57]    ⚠️ Rate limit, tentativa 44...
[19:31:00]    ⚠️ Rate limit, tentativa 3...
[19:31:00]    🔍 Tentativa 4/50 para VINE...
[19:31:07]    ⚠️ Rate limit, tentativa 4...
[19:31:08]    ⚠️ Rate limit, tentativa 44...
[19:31:08]    🔍 Tentativa 45/50 para REZ...
[19:31:13]    ⚠️ Rate limit, tentativa 4...
[19:31:13]    🔍 Tentativa 5/50 para VINE...
[19:31:18]    ⚠️ Rate limit, tentativa 45...
[19:31:21]    ⚠️ Rate limit, tentativa 5...
[19:31:29]    ⚠️ Rate limit, tentativa 5...
[19:31:29]    🔍 Tentativa 6/50 para VINE...
[19:31:29]    ⚠️ Rate limit, tentativa 45...
[19:31:29]    🔍 Tentativa 46/50 para REZ...
[19:31:37]    ⚠️ Rate limit, tentativa 6...
[19:31:39]    ⚠️ Rate limit, tentativa 46...
[19:31:46]    ✅ Tentativa 6 funcionou!
[19:31:46]    📊 Dados: MC=$17,751,547, Vol=$5,822,102
[19:31:46] ✅ VINE - Dados atualizados em tempo real (tentativa 6)
[19:31:46] 📡 [15/16] Buscando EDU...
[19:31:50]    ✅ Tentativa 46 funcionou!
[19:31:50]    🔍 Tentativa 47/50 para REZ...
[19:31:51]    🔍 ID encontrado: edu-coin
[19:31:51]    🔍 Tentativa 1/50 para EDU...
[19:31:52]    ✅ Tentativa 1 funcionou!
[19:31:52]    📊 Dados: MC=$38,390,278, Vol=$17,198,408
[19:31:52] ✅ EDU - Dados atualizados em tempo real (tentativa 1)
[19:31:52] 📡 [16/16] Buscando BROCCOLI...
[19:31:57]    🔍 ID encontrado: czs-dog
[19:31:57]    🔍 Tentativa 1/50 para BROCCOLI...
[19:31:58]    ✅ Tentativa 1 funcionou!
[19:31:58]    📊 Dados: MC=$15,157,501, Vol=$8,029,191
[19:31:58] ✅ BROCCOLI - Dados atualizados em tempo real (tentativa 1)
[19:31:58] 💾 Watchlist atualizada com dados frescos!
[19:31:58] ════════════════════════════════════════════════════════════════════════════════
[19:31:58] 📊 16 moedas atualizadas!
[19:31:58] ✅ Processo concluído com sucesso!
[19:32:00]    ⚠️ Rate limit, tentativa 47...
[19:32:11]    ✅ Tentativa 47 funcionou!
[19:32:11]    🔍 Tentativa 48/50 para REZ...
[19:32:21]    ❌ HTTP 404, tentativa 48
[19:32:32]    ✅ Tentativa 48 funcionou!
[19:32:32]    🔍 Tentativa 49/50 para REZ...
[19:32:43]    ❌ HTTP 404, tentativa 49
[19:32:53]    ⚠️ Rate limit, tentativa 49...
[19:32:53]    🔍 Tentativa 50/50 para REZ...
[19:33:03]    ⚠️ Rate limit, tentativa 50...
[19:33:14]    ⚠️ Rate limit, tentativa 50...
[19:33:14] ⚠️ REZ - Usando dados cache (API indisponível)
[19:33:14] 📡 [6/16] Buscando SD...
[19:33:20]    🔍 ID encontrado: tether
[19:33:20]    🔍 Tentativa 1/50 para SD...
[19:33:20]    ⚠️ Rate limit, tentativa 1...
[19:33:21]    ⚠️ Rate limit, tentativa 1...
[19:33:21]    🔍 Tentativa 2/50 para SD...
[19:33:25]    ⚠️ Rate limit, tentativa 2...
[19:33:29]    ⚠️ Rate limit, tentativa 2...
[19:33:29]    🔍 Tentativa 3/50 para SD...
[19:33:35]    ⚠️ Rate limit, tentativa 3...
[19:33:40]    ⚠️ Rate limit, tentativa 3...
[19:33:40]    🔍 Tentativa 4/50 para SD...
[19:33:47]    ⚠️ Rate limit, tentativa 4...
[19:33:53]    ✅ Tentativa 4 funcionou!
[19:33:53]    📊 Dados: MC=$189,727,282,890, Vol=$70,882,845,343
[19:33:53] ✅ SD - Dados atualizados em tempo real (tentativa 4)
[19:33:53] 📡 [7/16] Buscando OSMO...
[19:33:59]    🔍 ID encontrado: cosmos
[19:33:59]    🔍 Tentativa 1/50 para OSMO...
[19:34:00]    ✅ Tentativa 1 funcionou!
[19:34:00]    📊 Dados: MC=$1,038,013,666, Vol=$93,236,271
[19:34:00] ✅ OSMO - Dados atualizados em tempo real (tentativa 1)
[19:34:00] 📡 [8/16] Buscando USDON...
[19:34:05]    🔍 ID encontrado: ondo-u-s-dollar-token
[19:34:05]    🔍 Tentativa 1/50 para USDON...
[19:34:06]    ✅ Tentativa 1 funcionou!
[19:34:06]    📊 Dados: MC=$68,981,381, Vol=$82,461,660
[19:34:06] ✅ USDON - Dados atualizados em tempo real (tentativa 1)
[19:34:06] 📡 [9/16] Buscando NOT...
[19:34:12]    🔍 ID encontrado: notcoin
[19:34:12]    🔍 Tentativa 1/50 para NOT...
[19:34:13]    ✅ Tentativa 1 funcionou!
[19:34:13]    📊 Dados: MC=$53,504,592, Vol=$21,737,848
[19:34:13] ✅ NOT - Dados atualizados em tempo real (tentativa 1)
[19:34:13] 📡 [10/16] Buscando GIGA...
[19:34:19]    🔍 ID encontrado: gigachad-2
[19:34:19]    🔍 Tentativa 1/50 para GIGA...
[19:34:19]    ⚠️ Rate limit, tentativa 1...
[19:34:20]    ⚠️ Rate limit, tentativa 1...
[19:34:20]    🔍 Tentativa 2/50 para GIGA...
[19:34:24]    ⚠️ Rate limit, tentativa 2...
[19:34:29]    ⚠️ Rate limit, tentativa 2...
[19:34:29]    🔍 Tentativa 3/50 para GIGA...
[19:34:34]    ⚠️ Rate limit, tentativa 3...
[19:34:40]    ⚠️ Rate limit, tentativa 3...
[19:34:40]    🔍 Tentativa 4/50 para GIGA...
[19:34:46]    ⚠️ Rate limit, tentativa 4...
[19:34:53]    ⚠️ Rate limit, tentativa 4...
[19:34:53]    🔍 Tentativa 5/50 para GIGA...
[19:35:00]    ⚠️ Rate limit, tentativa 5...
[19:35:08]    ⚠️ Rate limit, tentativa 5...
[19:35:08]    🔍 Tentativa 6/50 para GIGA...
[19:35:16]    ⚠️ Rate limit, tentativa 6...
[19:35:25]    ✅ Tentativa 6 funcionou!
[19:35:25]    📊 Dados: MC=$42,089,890, Vol=$11,529,157
[19:35:25] ✅ GIGA - Dados atualizados em tempo real (tentativa 6)
[19:35:25] 📡 [11/16] Buscando ACT...
[19:35:31]    🔍 ID encontrado: fractal-bitcoin
[19:35:31]    🔍 Tentativa 1/50 para ACT...
[19:35:31]    ✅ Tentativa 1 funcionou!
[19:35:31]    📊 Dados: MC=$45,195,214, Vol=$2,951,932
[19:35:31] ✅ ACT - Dados atualizados em tempo real (tentativa 1)
[19:35:31] 📡 [12/16] Buscando DOGS...
[19:35:37]    🔍 ID encontrado: cat-in-a-dogs-world
[19:35:37]    🔍 Tentativa 1/50 para DOGS...
[19:35:38]    ✅ Tentativa 1 funcionou!
[19:35:38]    📊 Dados: MC=$54,780,415, Vol=$7,750,593
[19:35:38] ✅ DOGS - Dados atualizados em tempo real (tentativa 1)
[19:35:38] 📡 [13/16] Buscando MUBARAK...
[19:35:44]    🔍 ID encontrado: mubarak
[19:35:44]    🔍 Tentativa 1/50 para MUBARAK...
[19:35:45]    ✅ Tentativa 1 funcionou!
[19:35:45]    📊 Dados: MC=$15,319,812, Vol=$8,220,900
[19:35:45] ✅ MUBARAK - Dados atualizados em tempo real (tentativa 1)
[19:35:45] 📡 [14/16] Buscando VINE...
[19:35:50]    🔍 ID encontrado: vine
[19:35:50]    🔍 Tentativa 1/50 para VINE...
[19:35:51]    ⚠️ Rate limit, tentativa 1...
[19:35:52]    ⚠️ Rate limit, tentativa 1...
[19:35:52]    🔍 Tentativa 2/50 para VINE...
[19:35:57]    ⚠️ Rate limit, tentativa 2...
[19:36:01]    ⚠️ Rate limit, tentativa 2...
[19:36:01]    🔍 Tentativa 3/50 para VINE...
[19:36:07]    ⚠️ Rate limit, tentativa 3...
[19:36:13]    ⚠️ Rate limit, tentativa 3...
[19:36:13]    🔍 Tentativa 4/50 para VINE...
[19:36:20]    ⚠️ Rate limit, tentativa 4...
[19:36:27]    ⚠️ Rate limit, tentativa 4...
[19:36:27]    🔍 Tentativa 5/50 para VINE...
[19:36:34]    ⚠️ Rate limit, tentativa 5...
[19:36:42]    ⚠️ Rate limit, tentativa 5...
[19:36:42]    🔍 Tentativa 6/50 para VINE...
[19:36:51]    ⚠️ Rate limit, tentativa 6...
[19:37:00]    ✅ Tentativa 6 funcionou!
[19:37:00]    📊 Dados: MC=$17,762,630, Vol=$5,863,851
[19:37:00] ✅ VINE - Dados atualizados em tempo real (tentativa 6)
[19:37:00] 📡 [15/16] Buscando EDU...
[19:37:06]    🔍 ID encontrado: edu-coin
[19:37:06]    🔍 Tentativa 1/50 para EDU...
[19:37:07]    ✅ Tentativa 1 funcionou!
[19:37:07]    📊 Dados: MC=$38,573,716, Vol=$17,159,952
[19:37:07] ✅ EDU - Dados atualizados em tempo real (tentativa 1)
[19:37:07] 📡 [16/16] Buscando BROCCOLI...
[19:37:12]    🔍 ID encontrado: czs-dog
[19:37:12]    🔍 Tentativa 1/50 para BROCCOLI...
[19:37:13]    ✅ Tentativa 1 funcionou!
[19:37:13]    📊 Dados: MC=$15,124,718, Vol=$8,430,312
[19:37:13] ✅ BROCCOLI - Dados atualizados em tempo real (tentativa 1)
[19:37:14] 💾 Watchlist atualizada com dados frescos!
[19:37:14] ════════════════════════════════════════════════════════════════════════════════
[19:37:14] 📊 16 moedas atualizadas!
[19:37:14] ✅ Processo concluído com sucesso!
